app/build/intermediates/manifest_merge_blame_file/release/processReleaseMainManifest/manifest-merger-blame-release-report.txt
1<?xml version="1.0" encoding="utf-8"?>
2<manifest xmlns:android="http://schemas.android.com/apk/res/android"
3    package="in.co.jobguidance"
4    android:versionCode="3"
5    android:versionName="2" >
6
7    <uses-sdk
8        android:minSdkVersion="23"
9        android:targetSdkVersion="36" />
10
11    <uses-permission android:name="android.permission.SEND_SMS" />
11-->src\main\AndroidManifest.xml:2:5-66
11-->src\main\AndroidManifest.xml:2:22-64
12    <uses-permission android:name="android.permission.FOREGROUND_SERVICE" />
12-->src\main\AndroidManifest.xml:3:5-76
12-->src\main\AndroidManifest.xml:3:22-74
13    <uses-permission android:name="android.permission.FOREGROUND_SERVICE_SPECIAL_USE" />
13-->src\main\AndroidManifest.xml:4:5-88
13-->src\main\AndroidManifest.xml:4:22-86
14    <uses-permission android:name="android.permission.POST_NOTIFICATIONS" />
14-->src\main\AndroidManifest.xml:5:5-76
14-->src\main\AndroidManifest.xml:5:22-74
15
16    <permission
16-->[androidx.core:core:1.9.0] AndroidManifest.xml:22:5-24:47
17        android:name="in.co.jobguidance.DYNAMIC_RECEIVER_NOT_EXPORTED_PERMISSION"
17-->[androidx.core:core:1.9.0] AndroidManifest.xml:23:9-81
18        android:protectionLevel="signature" />
18-->[androidx.core:core:1.9.0] AndroidManifest.xml:24:9-44
19
20    <uses-permission android:name="in.co.jobguidance.DYNAMIC_RECEIVER_NOT_EXPORTED_PERMISSION" />
20-->[androidx.core:core:1.9.0] AndroidManifest.xml:26:5-97
20-->[androidx.core:core:1.9.0] AndroidManifest.xml:26:22-94
21
22    <application
22-->src\main\AndroidManifest.xml:7:5-29:19
23        android:allowBackup="true"
23-->src\main\AndroidManifest.xml:11:9-35
24        android:appComponentFactory="androidx.core.app.CoreComponentFactory"
24-->[androidx.core:core:1.9.0] AndroidManifest.xml:28:18-86
25        android:extractNativeLibs="false"
26        android:icon="@drawable/ic_launcher"
26-->src\main\AndroidManifest.xml:10:9-45
27        android:label="@string/app_name"
27-->src\main\AndroidManifest.xml:9:9-41
28        android:supportsRtl="true"
28-->src\main\AndroidManifest.xml:12:9-35
29        android:theme="@style/AppTheme" >
29-->src\main\AndroidManifest.xml:8:9-40
30        <activity
30-->src\main\AndroidManifest.xml:13:9-18:20
31            android:name="in.co.jobguidance.SplashActivity"
31-->src\main\AndroidManifest.xml:13:19-66
32            android:exported="true"
32-->src\main\AndroidManifest.xml:13:104-127
33            android:screenOrientation="portrait" >
33-->src\main\AndroidManifest.xml:13:67-103
34            <intent-filter>
34-->src\main\AndroidManifest.xml:14:13-17:29
35                <action android:name="android.intent.action.MAIN" />
35-->src\main\AndroidManifest.xml:15:17-68
35-->src\main\AndroidManifest.xml:15:25-66
36
37                <category android:name="android.intent.category.LAUNCHER" />
37-->src\main\AndroidManifest.xml:16:17-76
37-->src\main\AndroidManifest.xml:16:27-74
38            </intent-filter>
39        </activity>
40        <activity
40-->src\main\AndroidManifest.xml:19:9-22:47
41            android:name="in.co.jobguidance.MainActivity"
41-->src\main\AndroidManifest.xml:19:19-64
42            android:exported="true"
42-->src\main\AndroidManifest.xml:21:13-36
43            android:launchMode="singleTask"
43-->src\main\AndroidManifest.xml:22:13-44
44            android:screenOrientation="portrait" />
44-->src\main\AndroidManifest.xml:20:13-49
45
46        <service
46-->src\main\AndroidManifest.xml:23:9-28:19
47            android:name="in.co.jobguidance.SmsService"
47-->src\main\AndroidManifest.xml:23:18-61
48            android:exported="false"
48-->src\main\AndroidManifest.xml:25:13-37
49            android:foregroundServiceType="specialUse" >
49-->src\main\AndroidManifest.xml:24:13-55
50            <property
50-->src\main\AndroidManifest.xml:26:13-27:117
51                android:name="android.app.PROPERTY_SPECIAL_USE_FGS_SUBTYPE"
51-->src\main\AndroidManifest.xml:26:23-82
52                android:value="Sending SMS messages based on user-provided CSV data for job recruitment updates." />
52-->src\main\AndroidManifest.xml:27:17-114
53        </service>
54
55        <provider
55-->[androidx.emoji2:emoji2:1.2.0] AndroidManifest.xml:24:9-32:20
56            android:name="androidx.startup.InitializationProvider"
56-->[androidx.emoji2:emoji2:1.2.0] AndroidManifest.xml:25:13-67
57            android:authorities="in.co.jobguidance.androidx-startup"
57-->[androidx.emoji2:emoji2:1.2.0] AndroidManifest.xml:26:13-68
58            android:exported="false" >
58-->[androidx.emoji2:emoji2:1.2.0] AndroidManifest.xml:27:13-37
59            <meta-data
59-->[androidx.emoji2:emoji2:1.2.0] AndroidManifest.xml:29:13-31:52
60                android:name="androidx.emoji2.text.EmojiCompatInitializer"
60-->[androidx.emoji2:emoji2:1.2.0] AndroidManifest.xml:30:17-75
61                android:value="androidx.startup" />
61-->[androidx.emoji2:emoji2:1.2.0] AndroidManifest.xml:31:17-49
62            <meta-data
62-->[androidx.lifecycle:lifecycle-process:2.4.1] AndroidManifest.xml:31:13-33:52
63                android:name="androidx.lifecycle.ProcessLifecycleInitializer"
63-->[androidx.lifecycle:lifecycle-process:2.4.1] AndroidManifest.xml:32:17-78
64                android:value="androidx.startup" />
64-->[androidx.lifecycle:lifecycle-process:2.4.1] AndroidManifest.xml:33:17-49
65        </provider>
66    </application>
67
68</manifest>